Arguments: 
  /Users/kkwon/.nvm/versions/node/v14.17.1/bin/node /Users/kkwon/.nvm/versions/node/v14.17.1/bin/yarn dev

PATH: 
  /Users/kkwon/miniforge3/bin:/Users/kkwon/miniforge3/condabin:/Users/kkwon/.nvm/versions/node/v14.17.1/bin:/opt/homebrew/bin:/usr/local/bin:/usr/bin:/bin:/usr/sbin:/sbin:/Library/Java/JavaVirtualMachines/zulu-8.jdk/Contents/Home/bin:/usr/local/go/bin:/Users/kkwon/.composer/vendor/bin

Yarn version: 
  1.22.10

Node version: 
  14.17.1

Platform: 
  darwin arm64

Trace: 
  SyntaxError: /Users/kkwon/Workspace/topco/chat-server/package.json: Unexpected token ; in JSON at position 134
      at JSON.parse (<anonymous>)
      at /Users/kkwon/.nvm/versions/node/v14.17.1/lib/node_modules/yarn/lib/cli.js:1625:59
      at Generator.next (<anonymous>)
      at step (/Users/kkwon/.nvm/versions/node/v14.17.1/lib/node_modules/yarn/lib/cli.js:310:30)
      at /Users/kkwon/.nvm/versions/node/v14.17.1/lib/node_modules/yarn/lib/cli.js:321:13

npm manifest: 
  {
    "name": "chat-server",
    "version": "1.0.0",
    "description": "",
    "main": "index.js",
    "scripts": {
      "dev": "node server.js";
    },
    "keywords": [],
    "author": "",
    "license": "ISC",
    "dependencies": {
      "express": "^4.17.1",
      "fs": "0.0.1-security",
      "http": "0.0.1-security",
      "socket.io": "^2.3.0"
    }
  }

yarn manifest: 
  No manifest

Lockfile: 
  No lockfile
